<?xml version="1.0" encoding="UTF-8"?>
<!-- Generated by org.testng.reporters.JUnitReportReporter -->
<testsuite hostname="DESKTOP-5V897J8" failures="0" tests="7" name="SurlelacTC.Shoppage" time="8.289" errors="0" timestamp="2024-03-02T12:47:36 IST" skipped="0">
  <testcase classname="SurlelacTC.Shoppage" name="xyz3" time="0.877"/>
  <system-out/>
  <testcase classname="SurlelacTC.Shoppage" name="xyz2" time="0.123"/>
  <system-out/>
  <testcase classname="SurlelacTC.Shoppage" name="xyz6" time="2.064"/>
  <system-out/>
  <testcase classname="SurlelacTC.Shoppage" name="xyz1" time="1.727"/>
  <system-out/>
  <testcase classname="SurlelacTC.Shoppage" name="xyz5" time="1.291"/>
  <system-out/>
  <testcase classname="SurlelacTC.Shoppage" name="xyz4" time="0.121"/>
  <system-out/>
  <testcase classname="SurlelacTC.Shoppage" name="xyz7" time="2.086"/>
  <system-out/>
</testsuite> <!-- SurlelacTC.Shoppage -->
