<?xml version="1.0" encoding="UTF-8"?>
<!-- Generated by org.testng.reporters.JUnitReportReporter -->
<testsuite hostname="DESKTOP-5V897J8" failures="0" tests="6" name="SurlelacTC.FooterPage" time="15.190" errors="0" timestamp="2024-03-02T12:47:36 IST" skipped="0">
  <testcase classname="SurlelacTC.FooterPage" name="Wxy" time="2.191"/>
  <system-out/>
  <testcase classname="SurlelacTC.FooterPage" name="Wxy1" time="0.055"/>
  <system-out/>
  <testcase classname="SurlelacTC.FooterPage" name="Wxy2" time="2.350"/>
  <system-out/>
  <testcase classname="SurlelacTC.FooterPage" name="Wxy4" time="3.768"/>
  <system-out/>
  <testcase classname="SurlelacTC.FooterPage" name="Wxy5" time="4.665"/>
  <system-out/>
  <testcase classname="SurlelacTC.FooterPage" name="Wxy6" time="2.161"/>
  <system-out/>
</testsuite> <!-- SurlelacTC.FooterPage -->
