<?xml version="1.0" encoding="UTF-8"?>
<!-- Generated by org.testng.reporters.JUnitReportReporter -->
<testsuite hostname="DESKTOP-5V897J8" failures="0" tests="8" name="SurlelacTC.Frontpage" time="16.397" errors="0" timestamp="2024-03-02T12:47:36 IST" skipped="0">
  <testcase classname="SurlelacTC.Frontpage" name="Abc1" time="2.106"/>
  <system-out/>
  <testcase classname="SurlelacTC.Frontpage" name="Abc8" time="1.599"/>
  <system-out/>
  <testcase classname="SurlelacTC.Frontpage" name="Abc3" time="1.058"/>
  <system-out/>
  <testcase classname="SurlelacTC.Frontpage" name="Abc2" time="3.237"/>
  <system-out/>
  <testcase classname="SurlelacTC.Frontpage" name="Abc4" time="1.389"/>
  <system-out/>
  <testcase classname="SurlelacTC.Frontpage" name="Abc5" time="4.188"/>
  <system-out/>
  <testcase classname="SurlelacTC.Frontpage" name="Abc6" time="1.736"/>
  <system-out/>
  <testcase classname="SurlelacTC.Frontpage" name="Abc7" time="1.084"/>
  <system-out/>
</testsuite> <!-- SurlelacTC.Frontpage -->
