<?xml version="1.0" encoding="UTF-8"?>
<!-- Generated by org.testng.reporters.JUnitReportReporter -->
<testsuite hostname="DESKTOP-5V897J8" failures="0" tests="15" name="SurlelacTC.HeaderPage" time="46.392" errors="0" timestamp="2024-03-02T12:47:36 IST" skipped="0">
  <testcase classname="SurlelacTC.HeaderPage" name="Wxy" time="3.134"/>
  <system-out/>
  <testcase classname="SurlelacTC.HeaderPage" name="Wxy1" time="3.155"/>
  <system-out/>
  <testcase classname="SurlelacTC.HeaderPage" name="Wxy2" time="0.113"/>
  <system-out/>
  <testcase classname="SurlelacTC.HeaderPage" name="Wxy3" time="1.058"/>
  <system-out/>
  <testcase classname="SurlelacTC.HeaderPage" name="Wxy4" time="1.869"/>
  <system-out/>
  <testcase classname="SurlelacTC.HeaderPage" name="Wxy5" time="5.501"/>
  <system-out/>
  <testcase classname="SurlelacTC.HeaderPage" name="Wxy6" time="5.538"/>
  <system-out/>
  <testcase classname="SurlelacTC.HeaderPage" name="Wxy7" time="5.779"/>
  <system-out/>
  <testcase classname="SurlelacTC.HeaderPage" name="Wxy8" time="5.523"/>
  <system-out/>
  <testcase classname="SurlelacTC.HeaderPage" name="Wxy9" time="5.781"/>
  <system-out/>
  <testcase classname="SurlelacTC.HeaderPage" name="Wxy10" time="6.580"/>
  <system-out/>
  <testcase classname="SurlelacTC.HeaderPage" name="Wxy11" time="0.243"/>
  <system-out/>
  <testcase classname="SurlelacTC.HeaderPage" name="Wxy12" time="0.089"/>
  <system-out/>
  <testcase classname="SurlelacTC.HeaderPage" name="Wxy13" time="0.117"/>
  <system-out/>
  <testcase classname="SurlelacTC.HeaderPage" name="Wxy14" time="1.912"/>
  <system-out/>
</testsuite> <!-- SurlelacTC.HeaderPage -->
